Arrêt de tous les processus Tomcat en cours...
Nettoyage du cache Maven et recompilation...
Réinitialisation de la base de données...
Téléchargement de la bibliothèque H2...
  % Total    % Received % Xferd  Average Speed   Time    Time     Time  Current
                                 Dload  Upload   Total   Spent    Left  Speed
  0     0    0     0    0     0      0      0 --:--:-- --:--:-- --:--:--     0  0     0    0     0    0     0      0      0 --:--:-- --:--:-- --:--:--     0100 2483k  100 2483k    0     0  2977k      0 --:--:-- --:--:-- --:--:-- 2974k
Mise à jour de la base de données avec le script db/sqlScriptDropAndCreateUpdated.sql...
Exception in thread "main" org.h2.jdbc.JdbcSQLNonTransientConnectionException: Database may be already in use: "/Users/emk/IdeaProjects/RUNTON_COLOR/Runton_color/dbFiles/Runton_color_Prod.mv.db". Possible solutions: close all other connection(s); use the server mode [90020-214]
	at org.h2.message.DbException.getJdbcSQLException(DbException.java:678)
	at org.h2.message.DbException.getJdbcSQLException(DbException.java:477)
	at org.h2.message.DbException.get(DbException.java:212)
	at org.h2.mvstore.db.Store.convertMVStoreException(Store.java:168)
	at org.h2.mvstore.db.Store.<init>(Store.java:145)
	at org.h2.engine.Database.<init>(Database.java:324)
	at org.h2.engine.Engine.openSession(Engine.java:92)
	at org.h2.engine.Engine.openSession(Engine.java:222)
	at org.h2.engine.Engine.createSession(Engine.java:201)
	at org.h2.engine.SessionRemote.connectEmbeddedOrServer(SessionRemote.java:338)
	at org.h2.jdbc.JdbcConnection.<init>(JdbcConnection.java:122)
	at org.h2.util.JdbcUtils.getConnection(JdbcUtils.java:288)
	at org.h2.util.JdbcUtils.getConnection(JdbcUtils.java:270)
	at org.h2.tools.RunScript.process(RunScript.java:312)
	at org.h2.tools.RunScript.runTool(RunScript.java:139)
	at org.h2.tools.RunScript.main(RunScript.java:66)
Caused by: org.h2.mvstore.MVStoreException: The file is locked: /Users/emk/IdeaProjects/RUNTON_COLOR/Runton_color/dbFiles/Runton_color_Prod.mv.db [2.1.214/7]
	at org.h2.mvstore.DataUtils.newMVStoreException(DataUtils.java:1004)
	at org.h2.mvstore.FileStore.open(FileStore.java:178)
	at org.h2.mvstore.FileStore.open(FileStore.java:128)
	at org.h2.mvstore.MVStore.<init>(MVStore.java:452)
	at org.h2.mvstore.MVStore$Builder.open(MVStore.java:4082)
	at org.h2.mvstore.db.Store.<init>(Store.java:136)
	... 11 more
Base de données mise à jour avec succès !
Insertion des données de test depuis db/testData.sql...
Exception in thread "main" org.h2.jdbc.JdbcSQLNonTransientConnectionException: Database may be already in use: "/Users/emk/IdeaProjects/RUNTON_COLOR/Runton_color/dbFiles/Runton_color_Prod.mv.db". Possible solutions: close all other connection(s); use the server mode [90020-214]
	at org.h2.message.DbException.getJdbcSQLException(DbException.java:678)
	at org.h2.message.DbException.getJdbcSQLException(DbException.java:477)
	at org.h2.message.DbException.get(DbException.java:212)
	at org.h2.mvstore.db.Store.convertMVStoreException(Store.java:168)
	at org.h2.mvstore.db.Store.<init>(Store.java:145)
	at org.h2.engine.Database.<init>(Database.java:324)
	at org.h2.engine.Engine.openSession(Engine.java:92)
	at org.h2.engine.Engine.openSession(Engine.java:222)
	at org.h2.engine.Engine.createSession(Engine.java:201)
	at org.h2.engine.SessionRemote.connectEmbeddedOrServer(SessionRemote.java:338)
	at org.h2.jdbc.JdbcConnection.<init>(JdbcConnection.java:122)
	at org.h2.util.JdbcUtils.getConnection(JdbcUtils.java:288)
	at org.h2.util.JdbcUtils.getConnection(JdbcUtils.java:270)
	at org.h2.tools.RunScript.process(RunScript.java:312)
	at org.h2.tools.RunScript.runTool(RunScript.java:139)
	at org.h2.tools.RunScript.main(RunScript.java:66)
Caused by: org.h2.mvstore.MVStoreException: The file is locked: /Users/emk/IdeaProjects/RUNTON_COLOR/Runton_color/dbFiles/Runton_color_Prod.mv.db [2.1.214/7]
	at org.h2.mvstore.DataUtils.newMVStoreException(DataUtils.java:1004)
	at org.h2.mvstore.FileStore.open(FileStore.java:178)
	at org.h2.mvstore.FileStore.open(FileStore.java:128)
	at org.h2.mvstore.MVStore.<init>(MVStore.java:452)
	at org.h2.mvstore.MVStore$Builder.open(MVStore.java:4082)
	at org.h2.mvstore.db.Store.<init>(Store.java:136)
	... 11 more
Données de test insérées avec succès !
Compilation du projet...
WARNING: A terminally deprecated method in sun.misc.Unsafe has been called
WARNING: sun.misc.Unsafe::staticFieldBase has been called by com.google.inject.internal.aop.HiddenClassDefiner (file:/opt/homebrew/Cellar/maven/3.9.10/libexec/lib/guice-5.1.0-classes.jar)
WARNING: Please consider reporting this to the maintainers of class com.google.inject.internal.aop.HiddenClassDefiner
WARNING: sun.misc.Unsafe::staticFieldBase will be removed in a future release
[INFO] Scanning for projects...
[INFO] 
[INFO] ------------------------< fr.esgi:runton-color >------------------------
[INFO] Building runton-color 1.0-SNAPSHOT
[INFO]   from pom.xml
[INFO] --------------------------------[ war ]---------------------------------
[INFO] 
[INFO] --- clean:3.2.0:clean (default-clean) @ runton-color ---
[INFO] Deleting /Users/emk/IdeaProjects/RUNTON_COLOR/Runton_color/target
[INFO] 
[INFO] --- resources:3.3.1:resources (default-resources) @ runton-color ---
[INFO] Copying 0 resource from src/main/resources to target/classes
[INFO] 
[INFO] --- compiler:3.10.1:compile (default-compile) @ runton-color ---
[INFO] Changes detected - recompiling the module!
[INFO] Compiling 58 source files to /Users/emk/IdeaProjects/RUNTON_COLOR/Runton_color/target/classes
[INFO] -------------------------------------------------------------
[ERROR] COMPILATION ERROR : 
[INFO] -------------------------------------------------------------
[ERROR] /Users/emk/IdeaProjects/RUNTON_COLOR/Runton_color/src/main/java/com/colorrun/service/impl/MessageServiceImpl.java:[48,30] cannot find symbol
  symbol:   method findByRecipientId(int)
  location: variable messageDAO of type com.colorrun.dao.MessageDAO
[ERROR] /Users/emk/IdeaProjects/RUNTON_COLOR/Runton_color/src/main/java/com/colorrun/service/impl/MessageServiceImpl.java:[57,30] cannot find symbol
  symbol:   method findConversation(int,int)
  location: variable messageDAO of type com.colorrun.dao.MessageDAO
[ERROR] /Users/emk/IdeaProjects/RUNTON_COLOR/Runton_color/src/main/java/com/colorrun/service/impl/OrganizerRequestServiceImpl.java:[134,66] cannot find symbol
  symbol:   method findByUserId(int)
  location: variable organizerRequestDAO of type com.colorrun.dao.OrganizerRequestDAO
[INFO] 3 errors 
[INFO] -------------------------------------------------------------
[INFO] ------------------------------------------------------------------------
[INFO] BUILD FAILURE
[INFO] ------------------------------------------------------------------------
[INFO] Total time:  1.048 s
[INFO] Finished at: 2025-06-30T08:37:31+02:00
[INFO] ------------------------------------------------------------------------
[ERROR] Failed to execute goal org.apache.maven.plugins:maven-compiler-plugin:3.10.1:compile (default-compile) on project runton-color: Compilation failure: Compilation failure: 
[ERROR] /Users/emk/IdeaProjects/RUNTON_COLOR/Runton_color/src/main/java/com/colorrun/service/impl/MessageServiceImpl.java:[48,30] cannot find symbol
[ERROR]   symbol:   method findByRecipientId(int)
[ERROR]   location: variable messageDAO of type com.colorrun.dao.MessageDAO
[ERROR] /Users/emk/IdeaProjects/RUNTON_COLOR/Runton_color/src/main/java/com/colorrun/service/impl/MessageServiceImpl.java:[57,30] cannot find symbol
[ERROR]   symbol:   method findConversation(int,int)
[ERROR]   location: variable messageDAO of type com.colorrun.dao.MessageDAO
[ERROR] /Users/emk/IdeaProjects/RUNTON_COLOR/Runton_color/src/main/java/com/colorrun/service/impl/OrganizerRequestServiceImpl.java:[134,66] cannot find symbol
[ERROR]   symbol:   method findByUserId(int)
[ERROR]   location: variable organizerRequestDAO of type com.colorrun.dao.OrganizerRequestDAO
[ERROR] -> [Help 1]
[ERROR] 
[ERROR] To see the full stack trace of the errors, re-run Maven with the -e switch.
[ERROR] Re-run Maven using the -X switch to enable full debug logging.
[ERROR] 
[ERROR] For more information about the errors and possible solutions, please read the following articles:
[ERROR] [Help 1] http://cwiki.apache.org/confluence/display/MAVEN/MojoFailureException
Démarrage de Tomcat sur le port 8090...
L'application sera accessible à l'adresse: http://localhost:8090/runton-color
WARNING: A terminally deprecated method in sun.misc.Unsafe has been called
WARNING: sun.misc.Unsafe::staticFieldBase has been called by com.google.inject.internal.aop.HiddenClassDefiner (file:/opt/homebrew/Cellar/maven/3.9.10/libexec/lib/guice-5.1.0-classes.jar)
WARNING: Please consider reporting this to the maintainers of class com.google.inject.internal.aop.HiddenClassDefiner
WARNING: sun.misc.Unsafe::staticFieldBase will be removed in a future release
[INFO] Scanning for projects...
[INFO] 
[INFO] ------------------------< fr.esgi:runton-color >------------------------
[INFO] Building runton-color 1.0-SNAPSHOT
[INFO]   from pom.xml
[INFO] --------------------------------[ war ]---------------------------------
[INFO] 
[INFO] >>> tomcat7:2.2:run (default-cli) > process-classes @ runton-color >>>
[INFO] 
[INFO] --- resources:3.3.1:resources (default-resources) @ runton-color ---
[INFO] Copying 0 resource from src/main/resources to target/classes
[INFO] 
[INFO] --- compiler:3.10.1:compile (default-compile) @ runton-color ---
[INFO] Changes detected - recompiling the module!
[INFO] Compiling 58 source files to /Users/emk/IdeaProjects/RUNTON_COLOR/Runton_color/target/classes
[INFO] -------------------------------------------------------------
[ERROR] COMPILATION ERROR : 
[INFO] -------------------------------------------------------------
[ERROR] /Users/emk/IdeaProjects/RUNTON_COLOR/Runton_color/src/main/java/com/colorrun/service/impl/MessageServiceImpl.java:[48,30] cannot find symbol
  symbol:   method findByRecipientId(int)
  location: variable messageDAO of type com.colorrun.dao.MessageDAO
[ERROR] /Users/emk/IdeaProjects/RUNTON_COLOR/Runton_color/src/main/java/com/colorrun/service/impl/MessageServiceImpl.java:[57,30] cannot find symbol
  symbol:   method findConversation(int,int)
  location: variable messageDAO of type com.colorrun.dao.MessageDAO
[ERROR] /Users/emk/IdeaProjects/RUNTON_COLOR/Runton_color/src/main/java/com/colorrun/service/impl/OrganizerRequestServiceImpl.java:[134,66] cannot find symbol
  symbol:   method findByUserId(int)
  location: variable organizerRequestDAO of type com.colorrun.dao.OrganizerRequestDAO
[INFO] 3 errors 
[INFO] -------------------------------------------------------------
[INFO] ------------------------------------------------------------------------
[INFO] BUILD FAILURE
[INFO] ------------------------------------------------------------------------
[INFO] Total time:  0.862 s
[INFO] Finished at: 2025-06-30T08:37:33+02:00
[INFO] ------------------------------------------------------------------------
[ERROR] Failed to execute goal org.apache.maven.plugins:maven-compiler-plugin:3.10.1:compile (default-compile) on project runton-color: Compilation failure: Compilation failure: 
[ERROR] /Users/emk/IdeaProjects/RUNTON_COLOR/Runton_color/src/main/java/com/colorrun/service/impl/MessageServiceImpl.java:[48,30] cannot find symbol
[ERROR]   symbol:   method findByRecipientId(int)
[ERROR]   location: variable messageDAO of type com.colorrun.dao.MessageDAO
[ERROR] /Users/emk/IdeaProjects/RUNTON_COLOR/Runton_color/src/main/java/com/colorrun/service/impl/MessageServiceImpl.java:[57,30] cannot find symbol
[ERROR]   symbol:   method findConversation(int,int)
[ERROR]   location: variable messageDAO of type com.colorrun.dao.MessageDAO
[ERROR] /Users/emk/IdeaProjects/RUNTON_COLOR/Runton_color/src/main/java/com/colorrun/service/impl/OrganizerRequestServiceImpl.java:[134,66] cannot find symbol
[ERROR]   symbol:   method findByUserId(int)
[ERROR]   location: variable organizerRequestDAO of type com.colorrun.dao.OrganizerRequestDAO
[ERROR] -> [Help 1]
[ERROR] 
[ERROR] To see the full stack trace of the errors, re-run Maven with the -e switch.
[ERROR] Re-run Maven using the -X switch to enable full debug logging.
[ERROR] 
[ERROR] For more information about the errors and possible solutions, please read the following articles:
[ERROR] [Help 1] http://cwiki.apache.org/confluence/display/MAVEN/MojoFailureException
